c:\users\maja\desktop\diplomski\entitycomponentsystem\x64\debug\vc142.pdb
c:\users\maja\desktop\diplomski\entitycomponentsystem\x64\debug\vc142.idb
c:\users\maja\desktop\diplomski\entitycomponentsystem\x64\debug\timer.obj
c:\users\maja\desktop\diplomski\entitycomponentsystem\x64\debug\systemtypeid.obj
c:\users\maja\desktop\diplomski\entitycomponentsystem\x64\debug\systemmanager.obj
c:\users\maja\desktop\diplomski\entitycomponentsystem\x64\debug\main.obj
c:\users\maja\desktop\diplomski\entitycomponentsystem\x64\debug\isystem.obj
c:\users\maja\desktop\diplomski\entitycomponentsystem\x64\debug\entitymanager.obj
c:\users\maja\desktop\diplomski\entitycomponentsystem\x64\debug\engine.obj
c:\users\maja\desktop\diplomski\entitycomponentsystem\x64\debug\componenttype.obj
c:\users\maja\desktop\diplomski\entitycomponentsystem\x64\debug\chunk.obj
c:\users\maja\desktop\diplomski\entitycomponentsystem\x64\debug\archetypechunkarray.obj
c:\users\maja\desktop\diplomski\entitycomponentsystem\x64\debug\archetype.obj
c:\users\maja\desktop\diplomski\entitycomponentsystem\x64\debug\api.obj
c:\users\maja\desktop\diplomski\entitycomponentsystem\x64\debug\entitycomponentsystem.exe
c:\users\maja\desktop\diplomski\entitycomponentsystem\x64\debug\entitycomponentsystem.ilk
c:\users\maja\desktop\diplomski\entitycomponentsystem\x64\debug\entitycomponentsystem.pdb
c:\users\maja\desktop\diplomski\entitycomponentsystem\x64\debug\entitymanager.obj.enc
c:\users\maja\desktop\diplomski\entitycomponentsystem\x64\debug\entityco.0fdd3d42.tlog\cl.command.1.tlog
c:\users\maja\desktop\diplomski\entitycomponentsystem\x64\debug\entityco.0fdd3d42.tlog\cl.read.1.tlog
c:\users\maja\desktop\diplomski\entitycomponentsystem\x64\debug\entityco.0fdd3d42.tlog\cl.write.1.tlog
c:\users\maja\desktop\diplomski\entitycomponentsystem\x64\debug\entityco.0fdd3d42.tlog\link.command.1.tlog
c:\users\maja\desktop\diplomski\entitycomponentsystem\x64\debug\entityco.0fdd3d42.tlog\link.read.1.tlog
c:\users\maja\desktop\diplomski\entitycomponentsystem\x64\debug\entityco.0fdd3d42.tlog\link.write.1.tlog
